<?xml version="1.0" encoding="UTF-8"?>
<!-- Generated by org.testng.reporters.JUnitReportReporter -->
<testsuite skipped="0" hostname="DESKTOP-3OCI825" name="testCases.TC_Post_VideoGame_Pojo" tests="2" failures="0" timestamp="2020-06-14T12:37:28 NZST" time="0.597" errors="0">
  <testcase name="test_addNewVideoGame" time="0.111" classname="testCases.TC_Post_VideoGame_Pojo"/>
  <system-out/>
  <testcase name="test_getVideoGame_pojo" time="0.486" classname="testCases.TC_Post_VideoGame_Pojo"/>
  <system-out/>
</testsuite> <!-- testCases.TC_Post_VideoGame_Pojo -->
