<?xml version="1.0" encoding="UTF-8"?>
<!-- Generated by org.testng.reporters.JUnitReportReporter -->
<testsuite skipped="0" hostname="DESKTOP-3OCI825" name="testCases.TC_Post_VideoGame_DDT" tests="10" failures="0" timestamp="2020-06-14T12:37:28 NZST" time="0.604" errors="0">
  <testcase name="test_addNewVideoGame" time="0.022" classname="testCases.TC_Post_VideoGame_DDT"/>
  <system-out/>
  <testcase name="test_addNewVideoGame" time="0.025" classname="testCases.TC_Post_VideoGame_DDT"/>
  <system-out/>
  <testcase name="test_addNewVideoGame" time="0.019" classname="testCases.TC_Post_VideoGame_DDT"/>
  <system-out/>
  <testcase name="test_addNewVideoGame" time="0.033" classname="testCases.TC_Post_VideoGame_DDT"/>
  <system-out/>
  <testcase name="test_addNewVideoGame" time="0.026" classname="testCases.TC_Post_VideoGame_DDT"/>
  <system-out/>
  <testcase name="test_getVideoGame" time="0.085" classname="testCases.TC_Post_VideoGame_DDT"/>
  <system-out/>
  <testcase name="test_getVideoGame" time="0.079" classname="testCases.TC_Post_VideoGame_DDT"/>
  <system-out/>
  <testcase name="test_getVideoGame" time="0.122" classname="testCases.TC_Post_VideoGame_DDT"/>
  <system-out/>
  <testcase name="test_getVideoGame" time="0.061" classname="testCases.TC_Post_VideoGame_DDT"/>
  <system-out/>
  <testcase name="test_getVideoGame" time="0.132" classname="testCases.TC_Post_VideoGame_DDT"/>
  <system-out/>
</testsuite> <!-- testCases.TC_Post_VideoGame_DDT -->
