<?xml version="1.0" encoding="UTF-8"?>
<!-- Generated by org.testng.reporters.JUnitReportReporter -->
<testsuite skipped="0" hostname="DESKTOP-3OCI825" name="testCases.TC_VideoGameAPI_Tests" tests="5" failures="0" timestamp="2020-06-14T12:37:28 NZST" time="5.540" errors="0">
  <testcase name="test_getAllVideoGames" time="3.317" classname="testCases.TC_VideoGameAPI_Tests"/>
  <system-out/>
  <testcase name="test_addNewVideoGame" time="0.837" classname="testCases.TC_VideoGameAPI_Tests"/>
  <system-out/>
  <testcase name="test_getVideoGame" time="1.212" classname="testCases.TC_VideoGameAPI_Tests"/>
  <system-out/>
  <testcase name="test_UpdateVideoGame" time="0.123" classname="testCases.TC_VideoGameAPI_Tests"/>
  <system-out/>
  <testcase name="test_DeleteVideoGame" time="0.051" classname="testCases.TC_VideoGameAPI_Tests"/>
  <system-out/>
</testsuite> <!-- testCases.TC_VideoGameAPI_Tests -->
